Error: error:0308010C:digital envelope routines::unsupported
    at new Hash (node:internal/crypto/hash:71:19)
    at Object.createHash (node:crypto:133:10)
    at module.exports (/home/elamshin/Documents/study/FSO2022_CICD/full-stack-open-pokedex/node_modules/webpack/lib/util/createHash.js:135:53)
    at NormalModule._initBuildHash (/home/elamshin/Documents/study/FSO2022_CICD/full-stack-open-pokedex/node_modules/webpack/lib/NormalModule.js:417:16)
    at handleParseError (/home/elamshin/Documents/study/FSO2022_CICD/full-stack-open-pokedex/node_modules/webpack/lib/NormalModule.js:471:10)
    at /home/elamshin/Documents/study/FSO2022_CICD/full-stack-open-pokedex/node_modules/webpack/lib/NormalModule.js:503:5
    at /home/elamshin/Documents/study/FSO2022_CICD/full-stack-open-pokedex/node_modules/webpack/lib/NormalModule.js:358:12
    at /home/elamshin/Documents/study/FSO2022_CICD/full-stack-open-pokedex/node_modules/loader-runner/lib/LoaderRunner.js:373:3
    at iterateNormalLoaders (/home/elamshin/Documents/study/FSO2022_CICD/full-stack-open-pokedex/node_modules/loader-runner/lib/LoaderRunner.js:214:10)
    at iterateNormalLoaders (/home/elamshin/Documents/study/FSO2022_CICD/full-stack-open-pokedex/node_modules/loader-runner/lib/LoaderRunner.js:221:10)
    at /home/elamshin/Documents/study/FSO2022_CICD/full-stack-open-pokedex/node_modules/loader-runner/lib/LoaderRunner.js:236:3
    at runSyncOrAsync (/home/elamshin/Documents/study/FSO2022_CICD/full-stack-open-pokedex/node_modules/loader-runner/lib/LoaderRunner.js:130:11)
    at iterateNormalLoaders (/home/elamshin/Documents/study/FSO2022_CICD/full-stack-open-pokedex/node_modules/loader-runner/lib/LoaderRunner.js:232:2)
    at iterateNormalLoaders (/home/elamshin/Documents/study/FSO2022_CICD/full-stack-open-pokedex/node_modules/loader-runner/lib/LoaderRunner.js:221:10)
    at /home/elamshin/Documents/study/FSO2022_CICD/full-stack-open-pokedex/node_modules/loader-runner/lib/LoaderRunner.js:236:3
    at /home/elamshin/Documents/study/FSO2022_CICD/full-stack-open-pokedex/node_modules/loader-runner/lib/LoaderRunner.js:127:6
node:internal/crypto/hash:71
  this[kHandle] = new _Hash(algorithm, xofLen);
                  ^

Error: error:0308010C:digital envelope routines::unsupported
    at new Hash (node:internal/crypto/hash:71:19)
    at Object.createHash (node:crypto:133:10)
    at module.exports (/home/elamshin/Documents/study/FSO2022_CICD/full-stack-open-pokedex/node_modules/webpack/lib/util/createHash.js:135:53)
    at NormalModule._initBuildHash (/home/elamshin/Documents/study/FSO2022_CICD/full-stack-open-pokedex/node_modules/webpack/lib/NormalModule.js:417:16)
    at handleParseError (/home/elamshin/Documents/study/FSO2022_CICD/full-stack-open-pokedex/node_modules/webpack/lib/NormalModule.js:471:10)
    at /home/elamshin/Documents/study/FSO2022_CICD/full-stack-open-pokedex/node_modules/webpack/lib/NormalModule.js:503:5
    at /home/elamshin/Documents/study/FSO2022_CICD/full-stack-open-pokedex/node_modules/webpack/lib/NormalModule.js:358:12
    at /home/elamshin/Documents/study/FSO2022_CICD/full-stack-open-pokedex/node_modules/loader-runner/lib/LoaderRunner.js:373:3
    at iterateNormalLoaders (/home/elamshin/Documents/study/FSO2022_CICD/full-stack-open-pokedex/node_modules/loader-runner/lib/LoaderRunner.js:214:10)
    at iterateNormalLoaders (/home/elamshin/Documents/study/FSO2022_CICD/full-stack-open-pokedex/node_modules/loader-runner/lib/LoaderRunner.js:221:10)
    at /home/elamshin/Documents/study/FSO2022_CICD/full-stack-open-pokedex/node_modules/loader-runner/lib/LoaderRunner.js:236:3
    at context.callback (/home/elamshin/Documents/study/FSO2022_CICD/full-stack-open-pokedex/node_modules/loader-runner/lib/LoaderRunner.js:111:13)
    at /home/elamshin/Documents/study/FSO2022_CICD/full-stack-open-pokedex/node_modules/babel-loader/lib/index.js:44:71 {
  opensslErrorStack: [ 'error:03000086:digital envelope routines::initialization error' ],
  library: 'digital envelope routines',
  reason: 'unsupported',
  code: 'ERR_OSSL_EVP_UNSUPPORTED'
}
